[2023-11-08 03:39:25,543] multiqc                                            [DEBUG  ]  No MultiQC config found: /root/miniconda3/envs/snakemake_carpentry/lib/python3.9/site-packages/multiqc_config.yaml
[2023-11-08 03:39:25,543] multiqc                                            [DEBUG  ]  No MultiQC config found: /root/.multiqc_config.yaml
[2023-11-08 03:39:25,543] multiqc                                            [DEBUG  ]  No MultiQC config found: multiqc_config.yaml
[2023-11-08 03:39:25,543] multiqc                                            [DEBUG  ]  Command used: /root/miniconda3/envs/snakemake_carpentry/bin/multiqc . -o multiqc_out
[2023-11-08 03:39:26,238] multiqc                                            [WARNING]  MultiQC Version v1.17 now available!
[2023-11-08 03:39:26,238] multiqc                                            [INFO   ]  This is MultiQC v1.10.1
[2023-11-08 03:39:26,239] multiqc                                            [DEBUG  ]  Command     : /root/miniconda3/envs/snakemake_carpentry/bin/multiqc . -o multiqc_out
[2023-11-08 03:39:26,239] multiqc                                            [DEBUG  ]  Working dir : /root/snakemake_data/yeast
[2023-11-08 03:39:26,239] multiqc                                            [INFO   ]  Template    : default
[2023-11-08 03:39:26,239] multiqc                                            [DEBUG  ]  Running Python 3.9.15 | packaged by conda-forge | (main, Nov 22 2022, 08:45:29)  [GCC 10.4.0]
[2023-11-08 03:39:26,239] multiqc                                            [INFO   ]  Searching   : /root/snakemake_data/yeast
[2023-11-08 03:39:26,239] multiqc                                            [DEBUG  ]  Analysing modules: custom_content, ngsderive, purple, conpair, peddy, somalier, methylQA, mosdepth, phantompeakqualtools, qualimap, preseq, quast, qorts, rna_seqc, rockhopper, rsem, rseqc, busco, goleft_indexcov, disambiguate, supernova, deeptools, sargasso, verifybamid, mirtrace, happy, mirtop, homer, hops, macs2, theta2, snpeff, gatk, htseq, bcftools, featureCounts, fgbio, dragen, dedup, damageprofiler, biobambam2, jcvi, mtnucratio, picard, sentieon, prokka, qc3C, samblaster, samtools, sexdeterrmine, eigenstratdatabasetools, bamtools, jellyfish, vcftools, longranger, stacks, varscan2, bbmap, bismark, biscuit, hicexplorer, hicup, hicpro, salmon, kallisto, slamdunk, star, hisat2, tophat, bowtie2, bowtie1, snpsplit, kat, leehom, adapterRemoval, clipandmerge, cutadapt, flexbar, kaiju, kraken, malt, trimmomatic, sickle, skewer, sortmerna, biobloomtools, fastq_screen, afterqc, fastp, fastqc, pychopper, pycoqc, minionqc, multivcfanalyzer, clusterflow, bcl2fastq, interop, ivar, flash, seqyclean, optitype
[2023-11-08 03:39:26,240] multiqc                                            [DEBUG  ]  Using temporary directory for creating report: /tmp/tmpwfr999xy
[2023-11-08 03:39:26,293] multiqc                                            [DEBUG  ]  Ignoring directory as matched fn_ignore_paths: ./.snakemake
[2023-11-08 03:39:26,314] multiqc                                            [DEBUG  ]  File ignored by hicexplorer because it exceeded search pattern filesize limit: reads.etoh60_2_2_fastqc.html
[2023-11-08 03:39:26,316] multiqc                                            [DEBUG  ]  File ignored by longranger/invocation because it exceeded search pattern filesize limit: reads.etoh60_2_2_fastqc.html
[2023-11-08 03:39:26,316] multiqc                                            [DEBUG  ]  File ignored by rockhopper because it exceeded search pattern filesize limit: reads.etoh60_2_2_fastqc.html
[2023-11-08 03:39:26,316] multiqc                                            [DEBUG  ]  File ignored by rseqc/bam_stat because it exceeded search pattern filesize limit: reads.etoh60_2_2_fastqc.html
[2023-11-08 03:39:26,316] multiqc                                            [DEBUG  ]  File ignored by rseqc/junction_annotation because it exceeded search pattern filesize limit: reads.etoh60_2_2_fastqc.html
[2023-11-08 03:39:26,316] multiqc                                            [DEBUG  ]  File ignored by rseqc/read_distribution because it exceeded search pattern filesize limit: reads.etoh60_2_2_fastqc.html
[2023-11-08 03:39:26,316] multiqc                                            [DEBUG  ]  File ignored by rseqc/infer_experiment because it exceeded search pattern filesize limit: reads.etoh60_2_2_fastqc.html
[2023-11-08 03:39:26,348] multiqc                                            [DEBUG  ]  File ignored by hicexplorer because it exceeded search pattern filesize limit: reads.ref_3_2_fastqc.html
[2023-11-08 03:39:26,348] multiqc                                            [DEBUG  ]  File ignored by longranger/invocation because it exceeded search pattern filesize limit: reads.ref_3_2_fastqc.html
[2023-11-08 03:39:26,349] multiqc                                            [DEBUG  ]  File ignored by rockhopper because it exceeded search pattern filesize limit: reads.ref_3_2_fastqc.html
[2023-11-08 03:39:26,349] multiqc                                            [DEBUG  ]  File ignored by rseqc/bam_stat because it exceeded search pattern filesize limit: reads.ref_3_2_fastqc.html
[2023-11-08 03:39:26,349] multiqc                                            [DEBUG  ]  File ignored by rseqc/junction_annotation because it exceeded search pattern filesize limit: reads.ref_3_2_fastqc.html
[2023-11-08 03:39:26,349] multiqc                                            [DEBUG  ]  File ignored by rseqc/read_distribution because it exceeded search pattern filesize limit: reads.ref_3_2_fastqc.html
[2023-11-08 03:39:26,349] multiqc                                            [DEBUG  ]  File ignored by rseqc/infer_experiment because it exceeded search pattern filesize limit: reads.ref_3_2_fastqc.html
[2023-11-08 03:39:26,378] multiqc                                            [DEBUG  ]  File ignored by hicexplorer because it exceeded search pattern filesize limit: reads.temp33_3_1_fastqc.html
[2023-11-08 03:39:26,379] multiqc                                            [DEBUG  ]  File ignored by longranger/invocation because it exceeded search pattern filesize limit: reads.temp33_3_1_fastqc.html
[2023-11-08 03:39:26,379] multiqc                                            [DEBUG  ]  File ignored by rockhopper because it exceeded search pattern filesize limit: reads.temp33_3_1_fastqc.html
[2023-11-08 03:39:26,379] multiqc                                            [DEBUG  ]  File ignored by rseqc/bam_stat because it exceeded search pattern filesize limit: reads.temp33_3_1_fastqc.html
[2023-11-08 03:39:26,379] multiqc                                            [DEBUG  ]  File ignored by rseqc/junction_annotation because it exceeded search pattern filesize limit: reads.temp33_3_1_fastqc.html
[2023-11-08 03:39:26,379] multiqc                                            [DEBUG  ]  File ignored by rseqc/read_distribution because it exceeded search pattern filesize limit: reads.temp33_3_1_fastqc.html
[2023-11-08 03:39:26,379] multiqc                                            [DEBUG  ]  File ignored by rseqc/infer_experiment because it exceeded search pattern filesize limit: reads.temp33_3_1_fastqc.html
[2023-11-08 03:39:27,442] multiqc                                            [DEBUG  ]  File ignored by hicexplorer because it exceeded search pattern filesize limit: reads.ref_2_2_fastqc.html
[2023-11-08 03:39:27,443] multiqc                                            [DEBUG  ]  File ignored by longranger/invocation because it exceeded search pattern filesize limit: reads.ref_2_2_fastqc.html
[2023-11-08 03:39:27,443] multiqc                                            [DEBUG  ]  File ignored by rockhopper because it exceeded search pattern filesize limit: reads.ref_2_2_fastqc.html
[2023-11-08 03:39:27,443] multiqc                                            [DEBUG  ]  File ignored by rseqc/bam_stat because it exceeded search pattern filesize limit: reads.ref_2_2_fastqc.html
[2023-11-08 03:39:27,443] multiqc                                            [DEBUG  ]  File ignored by rseqc/junction_annotation because it exceeded search pattern filesize limit: reads.ref_2_2_fastqc.html
[2023-11-08 03:39:27,443] multiqc                                            [DEBUG  ]  File ignored by rseqc/read_distribution because it exceeded search pattern filesize limit: reads.ref_2_2_fastqc.html
[2023-11-08 03:39:27,443] multiqc                                            [DEBUG  ]  File ignored by rseqc/infer_experiment because it exceeded search pattern filesize limit: reads.ref_2_2_fastqc.html
[2023-11-08 03:39:27,472] multiqc                                            [DEBUG  ]  File ignored by hicexplorer because it exceeded search pattern filesize limit: reads.ref_2_1_fastqc.html
[2023-11-08 03:39:27,473] multiqc                                            [DEBUG  ]  File ignored by longranger/invocation because it exceeded search pattern filesize limit: reads.ref_2_1_fastqc.html
[2023-11-08 03:39:27,473] multiqc                                            [DEBUG  ]  File ignored by rockhopper because it exceeded search pattern filesize limit: reads.ref_2_1_fastqc.html
[2023-11-08 03:39:27,473] multiqc                                            [DEBUG  ]  File ignored by rseqc/bam_stat because it exceeded search pattern filesize limit: reads.ref_2_1_fastqc.html
[2023-11-08 03:39:27,473] multiqc                                            [DEBUG  ]  File ignored by rseqc/junction_annotation because it exceeded search pattern filesize limit: reads.ref_2_1_fastqc.html
[2023-11-08 03:39:27,473] multiqc                                            [DEBUG  ]  File ignored by rseqc/read_distribution because it exceeded search pattern filesize limit: reads.ref_2_1_fastqc.html
[2023-11-08 03:39:27,473] multiqc                                            [DEBUG  ]  File ignored by rseqc/infer_experiment because it exceeded search pattern filesize limit: reads.ref_2_1_fastqc.html
[2023-11-08 03:39:27,508] multiqc                                            [DEBUG  ]  File ignored by hicexplorer because it exceeded search pattern filesize limit: reads.etoh60_3_1_fastqc.html
[2023-11-08 03:39:27,508] multiqc                                            [DEBUG  ]  File ignored by longranger/invocation because it exceeded search pattern filesize limit: reads.etoh60_3_1_fastqc.html
[2023-11-08 03:39:27,508] multiqc                                            [DEBUG  ]  File ignored by rockhopper because it exceeded search pattern filesize limit: reads.etoh60_3_1_fastqc.html
[2023-11-08 03:39:27,508] multiqc                                            [DEBUG  ]  File ignored by rseqc/bam_stat because it exceeded search pattern filesize limit: reads.etoh60_3_1_fastqc.html
[2023-11-08 03:39:27,509] multiqc                                            [DEBUG  ]  File ignored by rseqc/junction_annotation because it exceeded search pattern filesize limit: reads.etoh60_3_1_fastqc.html
[2023-11-08 03:39:27,509] multiqc                                            [DEBUG  ]  File ignored by rseqc/read_distribution because it exceeded search pattern filesize limit: reads.etoh60_3_1_fastqc.html
[2023-11-08 03:39:27,509] multiqc                                            [DEBUG  ]  File ignored by rseqc/infer_experiment because it exceeded search pattern filesize limit: reads.etoh60_3_1_fastqc.html
[2023-11-08 03:39:27,540] multiqc                                            [DEBUG  ]  File ignored by hicexplorer because it exceeded search pattern filesize limit: reads.temp33_2_2_fastqc.html
[2023-11-08 03:39:27,542] multiqc                                            [DEBUG  ]  File ignored by longranger/invocation because it exceeded search pattern filesize limit: reads.temp33_2_2_fastqc.html
[2023-11-08 03:39:27,542] multiqc                                            [DEBUG  ]  File ignored by rockhopper because it exceeded search pattern filesize limit: reads.temp33_2_2_fastqc.html
[2023-11-08 03:39:27,542] multiqc                                            [DEBUG  ]  File ignored by rseqc/bam_stat because it exceeded search pattern filesize limit: reads.temp33_2_2_fastqc.html
[2023-11-08 03:39:27,542] multiqc                                            [DEBUG  ]  File ignored by rseqc/junction_annotation because it exceeded search pattern filesize limit: reads.temp33_2_2_fastqc.html
[2023-11-08 03:39:27,542] multiqc                                            [DEBUG  ]  File ignored by rseqc/read_distribution because it exceeded search pattern filesize limit: reads.temp33_2_2_fastqc.html
[2023-11-08 03:39:27,542] multiqc                                            [DEBUG  ]  File ignored by rseqc/infer_experiment because it exceeded search pattern filesize limit: reads.temp33_2_2_fastqc.html
[2023-11-08 03:39:27,586] multiqc                                            [DEBUG  ]  File ignored by hicexplorer because it exceeded search pattern filesize limit: reads.etoh60_3_2_fastqc.html
[2023-11-08 03:39:27,587] multiqc                                            [DEBUG  ]  File ignored by longranger/invocation because it exceeded search pattern filesize limit: reads.etoh60_3_2_fastqc.html
[2023-11-08 03:39:27,587] multiqc                                            [DEBUG  ]  File ignored by rockhopper because it exceeded search pattern filesize limit: reads.etoh60_3_2_fastqc.html
[2023-11-08 03:39:27,587] multiqc                                            [DEBUG  ]  File ignored by rseqc/bam_stat because it exceeded search pattern filesize limit: reads.etoh60_3_2_fastqc.html
[2023-11-08 03:39:27,587] multiqc                                            [DEBUG  ]  File ignored by rseqc/junction_annotation because it exceeded search pattern filesize limit: reads.etoh60_3_2_fastqc.html
[2023-11-08 03:39:27,587] multiqc                                            [DEBUG  ]  File ignored by rseqc/read_distribution because it exceeded search pattern filesize limit: reads.etoh60_3_2_fastqc.html
[2023-11-08 03:39:27,587] multiqc                                            [DEBUG  ]  File ignored by rseqc/infer_experiment because it exceeded search pattern filesize limit: reads.etoh60_3_2_fastqc.html
[2023-11-08 03:39:27,615] multiqc                                            [DEBUG  ]  File ignored by hicexplorer because it exceeded search pattern filesize limit: reads.temp33_2_1_fastqc.html
[2023-11-08 03:39:27,615] multiqc                                            [DEBUG  ]  File ignored by longranger/invocation because it exceeded search pattern filesize limit: reads.temp33_2_1_fastqc.html
[2023-11-08 03:39:27,615] multiqc                                            [DEBUG  ]  File ignored by rockhopper because it exceeded search pattern filesize limit: reads.temp33_2_1_fastqc.html
[2023-11-08 03:39:27,615] multiqc                                            [DEBUG  ]  File ignored by rseqc/bam_stat because it exceeded search pattern filesize limit: reads.temp33_2_1_fastqc.html
[2023-11-08 03:39:27,615] multiqc                                            [DEBUG  ]  File ignored by rseqc/junction_annotation because it exceeded search pattern filesize limit: reads.temp33_2_1_fastqc.html
[2023-11-08 03:39:27,615] multiqc                                            [DEBUG  ]  File ignored by rseqc/read_distribution because it exceeded search pattern filesize limit: reads.temp33_2_1_fastqc.html
[2023-11-08 03:39:27,615] multiqc                                            [DEBUG  ]  File ignored by rseqc/infer_experiment because it exceeded search pattern filesize limit: reads.temp33_2_1_fastqc.html
[2023-11-08 03:39:27,645] multiqc                                            [DEBUG  ]  File ignored by hicexplorer because it exceeded search pattern filesize limit: reads.temp33_3_2_fastqc.html
[2023-11-08 03:39:27,646] multiqc                                            [DEBUG  ]  File ignored by longranger/invocation because it exceeded search pattern filesize limit: reads.temp33_3_2_fastqc.html
[2023-11-08 03:39:27,646] multiqc                                            [DEBUG  ]  File ignored by rockhopper because it exceeded search pattern filesize limit: reads.temp33_3_2_fastqc.html
[2023-11-08 03:39:27,646] multiqc                                            [DEBUG  ]  File ignored by rseqc/bam_stat because it exceeded search pattern filesize limit: reads.temp33_3_2_fastqc.html
[2023-11-08 03:39:27,646] multiqc                                            [DEBUG  ]  File ignored by rseqc/junction_annotation because it exceeded search pattern filesize limit: reads.temp33_3_2_fastqc.html
[2023-11-08 03:39:27,646] multiqc                                            [DEBUG  ]  File ignored by rseqc/read_distribution because it exceeded search pattern filesize limit: reads.temp33_3_2_fastqc.html
[2023-11-08 03:39:27,646] multiqc                                            [DEBUG  ]  File ignored by rseqc/infer_experiment because it exceeded search pattern filesize limit: reads.temp33_3_2_fastqc.html
[2023-11-08 03:39:27,678] multiqc                                            [DEBUG  ]  File ignored by hicexplorer because it exceeded search pattern filesize limit: reads.ref_3_1_fastqc.html
[2023-11-08 03:39:27,679] multiqc                                            [DEBUG  ]  File ignored by longranger/invocation because it exceeded search pattern filesize limit: reads.ref_3_1_fastqc.html
[2023-11-08 03:39:27,679] multiqc                                            [DEBUG  ]  File ignored by rockhopper because it exceeded search pattern filesize limit: reads.ref_3_1_fastqc.html
[2023-11-08 03:39:27,679] multiqc                                            [DEBUG  ]  File ignored by rseqc/bam_stat because it exceeded search pattern filesize limit: reads.ref_3_1_fastqc.html
[2023-11-08 03:39:27,679] multiqc                                            [DEBUG  ]  File ignored by rseqc/junction_annotation because it exceeded search pattern filesize limit: reads.ref_3_1_fastqc.html
[2023-11-08 03:39:27,679] multiqc                                            [DEBUG  ]  File ignored by rseqc/read_distribution because it exceeded search pattern filesize limit: reads.ref_3_1_fastqc.html
[2023-11-08 03:39:27,679] multiqc                                            [DEBUG  ]  File ignored by rseqc/infer_experiment because it exceeded search pattern filesize limit: reads.ref_3_1_fastqc.html
[2023-11-08 03:39:27,708] multiqc                                            [DEBUG  ]  File ignored by hicexplorer because it exceeded search pattern filesize limit: reads.etoh60_2_1_fastqc.html
[2023-11-08 03:39:27,708] multiqc                                            [DEBUG  ]  File ignored by longranger/invocation because it exceeded search pattern filesize limit: reads.etoh60_2_1_fastqc.html
[2023-11-08 03:39:27,708] multiqc                                            [DEBUG  ]  File ignored by rockhopper because it exceeded search pattern filesize limit: reads.etoh60_2_1_fastqc.html
[2023-11-08 03:39:27,708] multiqc                                            [DEBUG  ]  File ignored by rseqc/bam_stat because it exceeded search pattern filesize limit: reads.etoh60_2_1_fastqc.html
[2023-11-08 03:39:27,708] multiqc                                            [DEBUG  ]  File ignored by rseqc/junction_annotation because it exceeded search pattern filesize limit: reads.etoh60_2_1_fastqc.html
[2023-11-08 03:39:27,708] multiqc                                            [DEBUG  ]  File ignored by rseqc/read_distribution because it exceeded search pattern filesize limit: reads.etoh60_2_1_fastqc.html
[2023-11-08 03:39:27,708] multiqc                                            [DEBUG  ]  File ignored by rseqc/infer_experiment because it exceeded search pattern filesize limit: reads.etoh60_2_1_fastqc.html
[2023-11-08 03:39:28,338] multiqc                                            [DEBUG  ]  File ignored by longranger/invocation because it exceeded search pattern filesize limit: Snakefile
[2023-11-08 03:39:28,832] multiqc                                            [DEBUG  ]  Ignoring file as matched an ignore pattern: temp33_2_1.fq
[2023-11-08 03:39:28,832] multiqc                                            [DEBUG  ]  Ignoring file as matched an ignore pattern: temp33_1_1.fq
[2023-11-08 03:39:28,832] multiqc                                            [DEBUG  ]  Ignoring file as matched an ignore pattern: etoh60_3_2.fq
[2023-11-08 03:39:28,832] multiqc                                            [DEBUG  ]  Ignoring file as matched an ignore pattern: ref_2_2.fq
[2023-11-08 03:39:28,833] multiqc                                            [DEBUG  ]  Ignoring file as matched an ignore pattern: etoh60_3_1.fq
[2023-11-08 03:39:28,833] multiqc                                            [DEBUG  ]  Ignoring file as matched an ignore pattern: temp33_3_1.fq
[2023-11-08 03:39:28,833] multiqc                                            [DEBUG  ]  Ignoring file as matched an ignore pattern: etoh60_1_1.fq
[2023-11-08 03:39:28,833] multiqc                                            [DEBUG  ]  Ignoring file as matched an ignore pattern: etoh60_2_1.fq
[2023-11-08 03:39:28,833] multiqc                                            [DEBUG  ]  Ignoring file as matched an ignore pattern: temp33_1_2.fq
[2023-11-08 03:39:28,838] multiqc                                            [DEBUG  ]  File ignored by hicexplorer because it exceeded search pattern filesize limit: ref_1_2_fastqc.html
[2023-11-08 03:39:28,839] multiqc                                            [DEBUG  ]  File ignored by longranger/invocation because it exceeded search pattern filesize limit: ref_1_2_fastqc.html
[2023-11-08 03:39:28,839] multiqc                                            [DEBUG  ]  File ignored by rockhopper because it exceeded search pattern filesize limit: ref_1_2_fastqc.html
[2023-11-08 03:39:28,839] multiqc                                            [DEBUG  ]  File ignored by rseqc/bam_stat because it exceeded search pattern filesize limit: ref_1_2_fastqc.html
[2023-11-08 03:39:28,839] multiqc                                            [DEBUG  ]  File ignored by rseqc/junction_annotation because it exceeded search pattern filesize limit: ref_1_2_fastqc.html
[2023-11-08 03:39:28,839] multiqc                                            [DEBUG  ]  File ignored by rseqc/read_distribution because it exceeded search pattern filesize limit: ref_1_2_fastqc.html
[2023-11-08 03:39:28,839] multiqc                                            [DEBUG  ]  File ignored by rseqc/infer_experiment because it exceeded search pattern filesize limit: ref_1_2_fastqc.html
[2023-11-08 03:39:28,870] multiqc                                            [DEBUG  ]  Ignoring file as matched an ignore pattern: ref_3_1.fq
[2023-11-08 03:39:28,870] multiqc                                            [DEBUG  ]  Ignoring file as matched an ignore pattern: etoh60_1_2.fq
[2023-11-08 03:39:28,872] multiqc                                            [DEBUG  ]  File ignored by hicexplorer because it exceeded search pattern filesize limit: ref_1_1_fastqc.html
[2023-11-08 03:39:28,873] multiqc                                            [DEBUG  ]  File ignored by longranger/invocation because it exceeded search pattern filesize limit: ref_1_1_fastqc.html
[2023-11-08 03:39:28,873] multiqc                                            [DEBUG  ]  File ignored by rockhopper because it exceeded search pattern filesize limit: ref_1_1_fastqc.html
[2023-11-08 03:39:28,873] multiqc                                            [DEBUG  ]  File ignored by rseqc/bam_stat because it exceeded search pattern filesize limit: ref_1_1_fastqc.html
[2023-11-08 03:39:28,873] multiqc                                            [DEBUG  ]  File ignored by rseqc/junction_annotation because it exceeded search pattern filesize limit: ref_1_1_fastqc.html
[2023-11-08 03:39:28,873] multiqc                                            [DEBUG  ]  File ignored by rseqc/read_distribution because it exceeded search pattern filesize limit: ref_1_1_fastqc.html
[2023-11-08 03:39:28,873] multiqc                                            [DEBUG  ]  File ignored by rseqc/infer_experiment because it exceeded search pattern filesize limit: ref_1_1_fastqc.html
[2023-11-08 03:39:28,901] multiqc                                            [DEBUG  ]  Ignoring file as matched an ignore pattern: ref_2_1.fq
[2023-11-08 03:39:28,901] multiqc                                            [DEBUG  ]  Ignoring file as matched an ignore pattern: ref_1_2.fq
[2023-11-08 03:39:28,901] multiqc                                            [DEBUG  ]  Ignoring file as matched an ignore pattern: ref_1_1.fq
[2023-11-08 03:39:28,901] multiqc                                            [DEBUG  ]  Ignoring file as matched an ignore pattern: etoh60_2_2.fq
[2023-11-08 03:39:28,901] multiqc                                            [DEBUG  ]  Ignoring file as matched an ignore pattern: temp33_2_2.fq
[2023-11-08 03:39:28,901] multiqc                                            [DEBUG  ]  Ignoring file as matched an ignore pattern: temp33_3_2.fq
[2023-11-08 03:39:28,901] multiqc                                            [DEBUG  ]  Ignoring file as matched an ignore pattern: ref_3_2.fq
[2023-11-08 03:39:28,914] multiqc                                            [DEBUG  ]  File ignored by hicexplorer because it exceeded search pattern filesize limit: seq.bin
[2023-11-08 03:39:28,914] multiqc                                            [DEBUG  ]  File ignored by longranger/invocation because it exceeded search pattern filesize limit: seq.bin
[2023-11-08 03:39:28,914] multiqc                                            [DEBUG  ]  File ignored by rockhopper because it exceeded search pattern filesize limit: seq.bin
[2023-11-08 03:39:28,914] multiqc                                            [DEBUG  ]  File ignored by rseqc/bam_stat because it exceeded search pattern filesize limit: seq.bin
[2023-11-08 03:39:28,915] multiqc                                            [DEBUG  ]  File ignored by rseqc/junction_annotation because it exceeded search pattern filesize limit: seq.bin
[2023-11-08 03:39:28,915] multiqc                                            [DEBUG  ]  File ignored by rseqc/read_distribution because it exceeded search pattern filesize limit: seq.bin
[2023-11-08 03:39:28,915] multiqc                                            [DEBUG  ]  File ignored by rseqc/infer_experiment because it exceeded search pattern filesize limit: seq.bin
[2023-11-08 03:39:28,915] multiqc                                            [DEBUG  ]  File ignored by stacks/sumstats because it exceeded search pattern filesize limit: seq.bin
[2023-11-08 03:39:28,916] multiqc                                            [DEBUG  ]  File ignored by hicexplorer because it exceeded search pattern filesize limit: rank.bin
[2023-11-08 03:39:28,917] multiqc                                            [DEBUG  ]  File ignored by longranger/invocation because it exceeded search pattern filesize limit: rank.bin
[2023-11-08 03:39:28,917] multiqc                                            [DEBUG  ]  File ignored by rockhopper because it exceeded search pattern filesize limit: rank.bin
[2023-11-08 03:39:28,917] multiqc                                            [DEBUG  ]  File ignored by rseqc/bam_stat because it exceeded search pattern filesize limit: rank.bin
[2023-11-08 03:39:28,917] multiqc                                            [DEBUG  ]  File ignored by rseqc/junction_annotation because it exceeded search pattern filesize limit: rank.bin
[2023-11-08 03:39:28,917] multiqc                                            [DEBUG  ]  File ignored by rseqc/read_distribution because it exceeded search pattern filesize limit: rank.bin
[2023-11-08 03:39:28,917] multiqc                                            [DEBUG  ]  File ignored by rseqc/infer_experiment because it exceeded search pattern filesize limit: rank.bin
[2023-11-08 03:39:28,917] multiqc                                            [DEBUG  ]  File ignored by stacks/sumstats because it exceeded search pattern filesize limit: rank.bin
[2023-11-08 03:39:28,920] multiqc                                            [DEBUG  ]  File ignored by hicexplorer because it exceeded search pattern filesize limit: complete_ref_lens.bin
[2023-11-08 03:39:28,921] multiqc                                            [DEBUG  ]  File ignored by longranger/invocation because it exceeded search pattern filesize limit: complete_ref_lens.bin
[2023-11-08 03:39:28,923] multiqc                                            [DEBUG  ]  File ignored by hicexplorer because it exceeded search pattern filesize limit: refAccumLengths.bin
[2023-11-08 03:39:28,923] multiqc                                            [DEBUG  ]  File ignored by longranger/invocation because it exceeded search pattern filesize limit: refAccumLengths.bin
[2023-11-08 03:39:28,926] multiqc                                            [DEBUG  ]  File ignored by hicexplorer because it exceeded search pattern filesize limit: ctable.bin
[2023-11-08 03:39:28,926] multiqc                                            [DEBUG  ]  File ignored by longranger/invocation because it exceeded search pattern filesize limit: ctable.bin
[2023-11-08 03:39:28,928] multiqc                                            [DEBUG  ]  File ignored by longranger/invocation because it exceeded search pattern filesize limit: ref_indexing.log
[2023-11-08 03:39:28,930] multiqc                                            [DEBUG  ]  File ignored by hicexplorer because it exceeded search pattern filesize limit: refseq.bin
[2023-11-08 03:39:28,930] multiqc                                            [DEBUG  ]  File ignored by longranger/invocation because it exceeded search pattern filesize limit: refseq.bin
[2023-11-08 03:39:28,930] multiqc                                            [DEBUG  ]  File ignored by rockhopper because it exceeded search pattern filesize limit: refseq.bin
[2023-11-08 03:39:28,930] multiqc                                            [DEBUG  ]  File ignored by rseqc/bam_stat because it exceeded search pattern filesize limit: refseq.bin
[2023-11-08 03:39:28,931] multiqc                                            [DEBUG  ]  File ignored by rseqc/junction_annotation because it exceeded search pattern filesize limit: refseq.bin
[2023-11-08 03:39:28,931] multiqc                                            [DEBUG  ]  File ignored by rseqc/read_distribution because it exceeded search pattern filesize limit: refseq.bin
[2023-11-08 03:39:28,931] multiqc                                            [DEBUG  ]  File ignored by rseqc/infer_experiment because it exceeded search pattern filesize limit: refseq.bin
[2023-11-08 03:39:28,931] multiqc                                            [DEBUG  ]  File ignored by stacks/sumstats because it exceeded search pattern filesize limit: refseq.bin
[2023-11-08 03:39:28,937] multiqc                                            [DEBUG  ]  File ignored by hicexplorer because it exceeded search pattern filesize limit: mphf.bin
[2023-11-08 03:39:28,937] multiqc                                            [DEBUG  ]  File ignored by longranger/invocation because it exceeded search pattern filesize limit: mphf.bin
[2023-11-08 03:39:28,937] multiqc                                            [DEBUG  ]  File ignored by rockhopper because it exceeded search pattern filesize limit: mphf.bin
[2023-11-08 03:39:28,937] multiqc                                            [DEBUG  ]  File ignored by rseqc/bam_stat because it exceeded search pattern filesize limit: mphf.bin
[2023-11-08 03:39:28,937] multiqc                                            [DEBUG  ]  File ignored by rseqc/junction_annotation because it exceeded search pattern filesize limit: mphf.bin
[2023-11-08 03:39:28,937] multiqc                                            [DEBUG  ]  File ignored by rseqc/read_distribution because it exceeded search pattern filesize limit: mphf.bin
[2023-11-08 03:39:28,937] multiqc                                            [DEBUG  ]  File ignored by rseqc/infer_experiment because it exceeded search pattern filesize limit: mphf.bin
[2023-11-08 03:39:28,937] multiqc                                            [DEBUG  ]  File ignored by snpeff because it exceeded search pattern filesize limit: mphf.bin
[2023-11-08 03:39:28,937] multiqc                                            [DEBUG  ]  File ignored by stacks/sumstats because it exceeded search pattern filesize limit: mphf.bin
[2023-11-08 03:39:28,939] multiqc                                            [DEBUG  ]  File ignored by hicexplorer because it exceeded search pattern filesize limit: ctg_offsets.bin
[2023-11-08 03:39:28,939] multiqc                                            [DEBUG  ]  File ignored by longranger/invocation because it exceeded search pattern filesize limit: ctg_offsets.bin
[2023-11-08 03:39:28,941] multiqc                                            [DEBUG  ]  File ignored by hicexplorer because it exceeded search pattern filesize limit: reflengths.bin
[2023-11-08 03:39:28,941] multiqc                                            [DEBUG  ]  File ignored by longranger/invocation because it exceeded search pattern filesize limit: reflengths.bin
[2023-11-08 03:39:28,951] multiqc                                            [DEBUG  ]  File ignored by hicexplorer because it exceeded search pattern filesize limit: quant.sf
[2023-11-08 03:39:28,951] multiqc                                            [DEBUG  ]  File ignored by longranger/invocation because it exceeded search pattern filesize limit: quant.sf
[2023-11-08 03:39:29,028] multiqc                                            [DEBUG  ]  File ignored by hicexplorer because it exceeded search pattern filesize limit: ambig_info.tsv
[2023-11-08 03:39:29,029] multiqc                                            [DEBUG  ]  File ignored by longranger/invocation because it exceeded search pattern filesize limit: ambig_info.tsv
[2023-11-08 03:39:29,090] multiqc                                            [DEBUG  ]  File ignored by longranger/invocation because it exceeded search pattern filesize limit: salmon_quant.log
[2023-11-08 03:39:29,099] multiqc                                            [DEBUG  ]  File ignored by hicexplorer because it exceeded search pattern filesize limit: quant.sf
[2023-11-08 03:39:29,099] multiqc                                            [DEBUG  ]  File ignored by longranger/invocation because it exceeded search pattern filesize limit: quant.sf
[2023-11-08 03:39:29,177] multiqc                                            [DEBUG  ]  File ignored by hicexplorer because it exceeded search pattern filesize limit: ambig_info.tsv
[2023-11-08 03:39:29,177] multiqc                                            [DEBUG  ]  File ignored by longranger/invocation because it exceeded search pattern filesize limit: ambig_info.tsv
[2023-11-08 03:39:29,238] multiqc                                            [DEBUG  ]  File ignored by longranger/invocation because it exceeded search pattern filesize limit: salmon_quant.log
[2023-11-08 03:39:29,248] multiqc                                            [DEBUG  ]  File ignored by hicexplorer because it exceeded search pattern filesize limit: quant.sf
[2023-11-08 03:39:29,249] multiqc                                            [DEBUG  ]  File ignored by longranger/invocation because it exceeded search pattern filesize limit: quant.sf
[2023-11-08 03:39:29,328] multiqc                                            [DEBUG  ]  File ignored by hicexplorer because it exceeded search pattern filesize limit: ambig_info.tsv
[2023-11-08 03:39:29,328] multiqc                                            [DEBUG  ]  File ignored by longranger/invocation because it exceeded search pattern filesize limit: ambig_info.tsv
[2023-11-08 03:39:29,391] multiqc                                            [DEBUG  ]  File ignored by longranger/invocation because it exceeded search pattern filesize limit: salmon_quant.log
[2023-11-08 03:39:29,395] multiqc                                            [DEBUG  ]  File ignored by hicexplorer because it exceeded search pattern filesize limit: abundance.h5
[2023-11-08 03:39:29,396] multiqc                                            [DEBUG  ]  File ignored by longranger/invocation because it exceeded search pattern filesize limit: abundance.h5
[2023-11-08 03:39:29,399] multiqc                                            [DEBUG  ]  File ignored by hicexplorer because it exceeded search pattern filesize limit: abundance.tsv
[2023-11-08 03:39:29,400] multiqc                                            [DEBUG  ]  File ignored by longranger/invocation because it exceeded search pattern filesize limit: abundance.tsv
[2023-11-08 03:39:29,474] multiqc                                            [DEBUG  ]  File ignored by hicexplorer because it exceeded search pattern filesize limit: abundance.h5
[2023-11-08 03:39:29,474] multiqc                                            [DEBUG  ]  File ignored by longranger/invocation because it exceeded search pattern filesize limit: abundance.h5
[2023-11-08 03:39:29,478] multiqc                                            [DEBUG  ]  File ignored by hicexplorer because it exceeded search pattern filesize limit: abundance.tsv
[2023-11-08 03:39:29,478] multiqc                                            [DEBUG  ]  File ignored by longranger/invocation because it exceeded search pattern filesize limit: abundance.tsv
[2023-11-08 03:39:29,555] multiqc                                            [DEBUG  ]  File ignored by hicexplorer because it exceeded search pattern filesize limit: abundance.h5
[2023-11-08 03:39:29,556] multiqc                                            [DEBUG  ]  File ignored by longranger/invocation because it exceeded search pattern filesize limit: abundance.h5
[2023-11-08 03:39:29,560] multiqc                                            [DEBUG  ]  File ignored by hicexplorer because it exceeded search pattern filesize limit: abundance.tsv
[2023-11-08 03:39:29,560] multiqc                                            [DEBUG  ]  File ignored by longranger/invocation because it exceeded search pattern filesize limit: abundance.tsv
[2023-11-08 03:39:29,632] multiqc                                            [DEBUG  ]  File ignored by hicexplorer because it exceeded search pattern filesize limit: abundance.h5
[2023-11-08 03:39:29,632] multiqc                                            [DEBUG  ]  File ignored by longranger/invocation because it exceeded search pattern filesize limit: abundance.h5
[2023-11-08 03:39:29,636] multiqc                                            [DEBUG  ]  File ignored by hicexplorer because it exceeded search pattern filesize limit: abundance.tsv
[2023-11-08 03:39:29,636] multiqc                                            [DEBUG  ]  File ignored by longranger/invocation because it exceeded search pattern filesize limit: abundance.tsv
[2023-11-08 03:39:29,714] multiqc                                            [DEBUG  ]  File ignored by hicexplorer because it exceeded search pattern filesize limit: quant.sf
[2023-11-08 03:39:29,714] multiqc                                            [DEBUG  ]  File ignored by longranger/invocation because it exceeded search pattern filesize limit: quant.sf
[2023-11-08 03:39:29,791] multiqc                                            [DEBUG  ]  File ignored by hicexplorer because it exceeded search pattern filesize limit: ambig_info.tsv
[2023-11-08 03:39:29,791] multiqc                                            [DEBUG  ]  File ignored by longranger/invocation because it exceeded search pattern filesize limit: ambig_info.tsv
[2023-11-08 03:39:29,855] multiqc                                            [DEBUG  ]  File ignored by longranger/invocation because it exceeded search pattern filesize limit: salmon_quant.log
[2023-11-08 03:39:29,863] multiqc                                            [DEBUG  ]  File ignored by hicexplorer because it exceeded search pattern filesize limit: quant.sf
[2023-11-08 03:39:29,864] multiqc                                            [DEBUG  ]  File ignored by longranger/invocation because it exceeded search pattern filesize limit: quant.sf
[2023-11-08 03:39:29,938] multiqc                                            [DEBUG  ]  File ignored by hicexplorer because it exceeded search pattern filesize limit: ambig_info.tsv
[2023-11-08 03:39:29,939] multiqc                                            [DEBUG  ]  File ignored by longranger/invocation because it exceeded search pattern filesize limit: ambig_info.tsv
[2023-11-08 03:39:30,005] multiqc                                            [DEBUG  ]  File ignored by longranger/invocation because it exceeded search pattern filesize limit: salmon_quant.log
[2023-11-08 03:39:30,009] multiqc                                            [DEBUG  ]  File ignored by hicexplorer because it exceeded search pattern filesize limit: abundance.h5
[2023-11-08 03:39:30,010] multiqc                                            [DEBUG  ]  File ignored by longranger/invocation because it exceeded search pattern filesize limit: abundance.h5
[2023-11-08 03:39:30,013] multiqc                                            [DEBUG  ]  File ignored by hicexplorer because it exceeded search pattern filesize limit: abundance.tsv
[2023-11-08 03:39:30,014] multiqc                                            [DEBUG  ]  File ignored by longranger/invocation because it exceeded search pattern filesize limit: abundance.tsv
[2023-11-08 03:39:30,089] multiqc                                            [DEBUG  ]  File ignored by hicexplorer because it exceeded search pattern filesize limit: abundance.h5
[2023-11-08 03:39:30,089] multiqc                                            [DEBUG  ]  File ignored by longranger/invocation because it exceeded search pattern filesize limit: abundance.h5
[2023-11-08 03:39:30,093] multiqc                                            [DEBUG  ]  File ignored by hicexplorer because it exceeded search pattern filesize limit: abundance.tsv
[2023-11-08 03:39:30,093] multiqc                                            [DEBUG  ]  File ignored by longranger/invocation because it exceeded search pattern filesize limit: abundance.tsv
[2023-11-08 03:39:30,163] multiqc                                            [DEBUG  ]  Ignoring file as matched an ignore pattern: ref2_2.fq
[2023-11-08 03:39:30,163] multiqc                                            [DEBUG  ]  Ignoring file as matched an ignore pattern: temp33_2_1.fq
[2023-11-08 03:39:30,163] multiqc                                            [DEBUG  ]  Ignoring file as matched an ignore pattern: ref1_1.fq
[2023-11-08 03:39:30,163] multiqc                                            [DEBUG  ]  Ignoring file as matched an ignore pattern: temp33_1_1.fq
[2023-11-08 03:39:30,163] multiqc                                            [DEBUG  ]  Ignoring file as matched an ignore pattern: etoh60_3_2.fq
[2023-11-08 03:39:30,163] multiqc                                            [DEBUG  ]  Ignoring file as matched an ignore pattern: etoh60_3_1.fq
[2023-11-08 03:39:30,163] multiqc                                            [DEBUG  ]  Ignoring file as matched an ignore pattern: temp33_3_1.fq
[2023-11-08 03:39:30,163] multiqc                                            [DEBUG  ]  Ignoring file as matched an ignore pattern: etoh60_1_1.fq
[2023-11-08 03:39:30,163] multiqc                                            [DEBUG  ]  Ignoring file as matched an ignore pattern: ref2_1.fq
[2023-11-08 03:39:30,163] multiqc                                            [DEBUG  ]  Ignoring file as matched an ignore pattern: ref3_1.fq
[2023-11-08 03:39:30,163] multiqc                                            [DEBUG  ]  Ignoring file as matched an ignore pattern: etoh60_2_1.fq
[2023-11-08 03:39:30,163] multiqc                                            [DEBUG  ]  Ignoring file as matched an ignore pattern: temp33_1_2.fq
[2023-11-08 03:39:30,163] multiqc                                            [DEBUG  ]  Ignoring file as matched an ignore pattern: etoh60_1_2.fq
[2023-11-08 03:39:30,163] multiqc                                            [DEBUG  ]  Ignoring file as matched an ignore pattern: etoh60_2_2.fq
[2023-11-08 03:39:30,163] multiqc                                            [DEBUG  ]  Ignoring file as matched an ignore pattern: ref3_2.fq
[2023-11-08 03:39:30,163] multiqc                                            [DEBUG  ]  Ignoring file as matched an ignore pattern: temp33_2_2.fq
[2023-11-08 03:39:30,163] multiqc                                            [DEBUG  ]  Ignoring file as matched an ignore pattern: temp33_3_2.fq
[2023-11-08 03:39:30,163] multiqc                                            [DEBUG  ]  Ignoring file as matched an ignore pattern: ref1_2.fq
[2023-11-08 03:39:30,163] multiqc                                            [DEBUG  ]  Ignoring file as matched an ignore pattern: temp33_2_1.fq
[2023-11-08 03:39:30,163] multiqc                                            [DEBUG  ]  Ignoring file as matched an ignore pattern: etoh60_3_2.fq
[2023-11-08 03:39:30,163] multiqc                                            [DEBUG  ]  Ignoring file as matched an ignore pattern: ref_2_2.fq
[2023-11-08 03:39:30,163] multiqc                                            [DEBUG  ]  Ignoring file as matched an ignore pattern: etoh60_3_1.fq
[2023-11-08 03:39:30,163] multiqc                                            [DEBUG  ]  Ignoring file as matched an ignore pattern: temp33_3_1.fq
[2023-11-08 03:39:30,164] multiqc                                            [DEBUG  ]  Ignoring file as matched an ignore pattern: etoh60_2_1.fq
[2023-11-08 03:39:30,164] multiqc                                            [DEBUG  ]  Ignoring file as matched an ignore pattern: ref_3_1.fq
[2023-11-08 03:39:30,164] multiqc                                            [DEBUG  ]  Ignoring file as matched an ignore pattern: ref_2_1.fq
[2023-11-08 03:39:30,164] multiqc                                            [DEBUG  ]  Ignoring file as matched an ignore pattern: etoh60_2_2.fq
[2023-11-08 03:39:30,164] multiqc                                            [DEBUG  ]  Ignoring file as matched an ignore pattern: temp33_2_2.fq
[2023-11-08 03:39:30,164] multiqc                                            [DEBUG  ]  Ignoring file as matched an ignore pattern: temp33_3_2.fq
[2023-11-08 03:39:30,164] multiqc                                            [DEBUG  ]  Ignoring file as matched an ignore pattern: ref_3_2.fq
[2023-11-08 03:39:30,171] multiqc                                            [DEBUG  ]  File ignored by hicexplorer because it exceeded search pattern filesize limit: quant.sf
[2023-11-08 03:39:30,172] multiqc                                            [DEBUG  ]  File ignored by longranger/invocation because it exceeded search pattern filesize limit: quant.sf
[2023-11-08 03:39:30,251] multiqc                                            [DEBUG  ]  File ignored by hicexplorer because it exceeded search pattern filesize limit: ambig_info.tsv
[2023-11-08 03:39:30,252] multiqc                                            [DEBUG  ]  File ignored by longranger/invocation because it exceeded search pattern filesize limit: ambig_info.tsv
[2023-11-08 03:39:30,312] multiqc                                            [DEBUG  ]  File ignored by longranger/invocation because it exceeded search pattern filesize limit: salmon_quant.log
[2023-11-08 03:39:30,537] multiqc.plots.bargraph                             [DEBUG  ]  Using matplotlib version 3.8.0
[2023-11-08 03:39:30,538] multiqc.plots.linegraph                            [DEBUG  ]  Using matplotlib version 3.8.0
[2023-11-08 03:39:30,538] multiqc                                            [DEBUG  ]  No samples found: custom_content
[2023-11-08 03:39:30,541] multiqc                                            [DEBUG  ]  No samples found: ngsderive
[2023-11-08 03:39:30,543] multiqc                                            [DEBUG  ]  No samples found: purple
[2023-11-08 03:39:30,545] multiqc                                            [DEBUG  ]  No samples found: conpair
[2023-11-08 03:39:30,547] multiqc                                            [DEBUG  ]  No samples found: peddy
[2023-11-08 03:39:30,549] multiqc                                            [DEBUG  ]  No samples found: somalier
[2023-11-08 03:39:30,551] multiqc                                            [DEBUG  ]  No samples found: methylQA
[2023-11-08 03:39:30,554] multiqc                                            [DEBUG  ]  No samples found: mosdepth
[2023-11-08 03:39:30,556] multiqc                                            [DEBUG  ]  No samples found: phantompeakqualtools
[2023-11-08 03:39:30,558] multiqc                                            [DEBUG  ]  No samples found: qualimap
[2023-11-08 03:39:30,560] multiqc                                            [DEBUG  ]  No samples found: preseq
[2023-11-08 03:39:30,562] multiqc                                            [DEBUG  ]  No samples found: quast
[2023-11-08 03:39:30,568] multiqc                                            [DEBUG  ]  No samples found: qorts
[2023-11-08 03:39:30,571] multiqc                                            [DEBUG  ]  No samples found: rna_seqc
[2023-11-08 03:39:30,573] multiqc                                            [DEBUG  ]  No samples found: rockhopper
[2023-11-08 03:39:30,576] multiqc                                            [DEBUG  ]  No samples found: rsem
[2023-11-08 03:39:30,580] multiqc                                            [DEBUG  ]  No samples found: rseqc
[2023-11-08 03:39:30,583] multiqc                                            [DEBUG  ]  No samples found: busco
[2023-11-08 03:39:30,586] multiqc                                            [DEBUG  ]  No samples found: goleft_indexcov
[2023-11-08 03:39:30,588] multiqc                                            [DEBUG  ]  No samples found: disambiguate
[2023-11-08 03:39:30,590] multiqc                                            [DEBUG  ]  No samples found: supernova
[2023-11-08 03:39:30,593] multiqc                                            [DEBUG  ]  No samples found: deeptools
[2023-11-08 03:39:30,595] multiqc                                            [DEBUG  ]  No samples found: sargasso
[2023-11-08 03:39:30,597] multiqc                                            [DEBUG  ]  No samples found: verifybamid
[2023-11-08 03:39:30,599] multiqc                                            [DEBUG  ]  No samples found: mirtrace
[2023-11-08 03:39:30,601] multiqc                                            [DEBUG  ]  No samples found: happy
[2023-11-08 03:39:30,603] multiqc                                            [DEBUG  ]  No samples found: mirtop
[2023-11-08 03:39:30,605] multiqc                                            [DEBUG  ]  No samples found: homer
[2023-11-08 03:39:30,607] multiqc                                            [DEBUG  ]  No samples found: hops
[2023-11-08 03:39:30,609] multiqc                                            [DEBUG  ]  No samples found: macs2
[2023-11-08 03:39:30,611] multiqc                                            [DEBUG  ]  No samples found: theta2
[2023-11-08 03:39:30,613] multiqc                                            [DEBUG  ]  No samples found: snpeff
[2023-11-08 03:39:30,616] multiqc                                            [DEBUG  ]  No samples found: gatk
[2023-11-08 03:39:30,618] multiqc                                            [DEBUG  ]  No samples found: htseq
[2023-11-08 03:39:30,620] multiqc                                            [DEBUG  ]  No samples found: bcftools
[2023-11-08 03:39:30,622] multiqc                                            [DEBUG  ]  No samples found: featureCounts
[2023-11-08 03:39:30,624] multiqc                                            [DEBUG  ]  No samples found: fgbio
[2023-11-08 03:39:30,627] multiqc                                            [DEBUG  ]  No samples found: dragen
[2023-11-08 03:39:30,629] multiqc                                            [DEBUG  ]  No samples found: dedup
[2023-11-08 03:39:30,630] multiqc                                            [DEBUG  ]  No samples found: damageprofiler
[2023-11-08 03:39:30,634] multiqc                                            [DEBUG  ]  No samples found: biobambam2
[2023-11-08 03:39:30,636] multiqc                                            [DEBUG  ]  No samples found: jcvi
[2023-11-08 03:39:30,638] multiqc                                            [DEBUG  ]  No samples found: mtnucratio
[2023-11-08 03:39:30,640] multiqc                                            [DEBUG  ]  No samples found: picard
[2023-11-08 03:39:30,642] multiqc                                            [DEBUG  ]  No samples found: sentieon
[2023-11-08 03:39:30,644] multiqc                                            [DEBUG  ]  No samples found: prokka
[2023-11-08 03:39:30,646] multiqc                                            [DEBUG  ]  No samples found: qc3C
[2023-11-08 03:39:30,648] multiqc                                            [DEBUG  ]  No samples found: samblaster
[2023-11-08 03:39:30,650] multiqc                                            [DEBUG  ]  No samples found: samtools
[2023-11-08 03:39:30,652] multiqc                                            [DEBUG  ]  No samples found: sexdeterrmine
[2023-11-08 03:39:30,653] multiqc                                            [DEBUG  ]  No samples found: eigenstratdatabasetools
[2023-11-08 03:39:30,655] multiqc                                            [DEBUG  ]  No samples found: bamtools
[2023-11-08 03:39:30,658] multiqc                                            [DEBUG  ]  No samples found: jellyfish
[2023-11-08 03:39:30,660] multiqc                                            [DEBUG  ]  No samples found: vcftools
[2023-11-08 03:39:30,662] multiqc                                            [DEBUG  ]  No samples found: longranger
[2023-11-08 03:39:30,664] multiqc                                            [DEBUG  ]  No samples found: stacks
[2023-11-08 03:39:30,666] multiqc                                            [DEBUG  ]  No samples found: varscan2
[2023-11-08 03:39:30,669] multiqc                                            [DEBUG  ]  No samples found: bbmap
[2023-11-08 03:39:30,671] multiqc                                            [DEBUG  ]  No samples found: bismark
[2023-11-08 03:39:30,673] multiqc                                            [DEBUG  ]  No samples found: biscuit
[2023-11-08 03:39:30,675] multiqc                                            [DEBUG  ]  No samples found: hicexplorer
[2023-11-08 03:39:30,677] multiqc                                            [DEBUG  ]  No samples found: hicup
[2023-11-08 03:39:30,679] multiqc                                            [DEBUG  ]  No samples found: hicpro
[2023-11-08 03:39:30,683] multiqc.modules.salmon.salmon                      [INFO   ]  Found 6 meta reports
[2023-11-08 03:39:30,683] multiqc.modules.salmon.salmon                      [INFO   ]  Found 6 fragment length distributions
[2023-11-08 03:39:30,704] multiqc.modules.kallisto.kallisto                  [INFO   ]  Found 6 reports
[2023-11-08 03:39:30,708] multiqc                                            [DEBUG  ]  No samples found: slamdunk
[2023-11-08 03:39:30,710] multiqc                                            [DEBUG  ]  No samples found: star
[2023-11-08 03:39:30,713] multiqc                                            [DEBUG  ]  No samples found: hisat2
[2023-11-08 03:39:30,719] multiqc                                            [DEBUG  ]  No samples found: tophat
[2023-11-08 03:39:30,725] multiqc                                            [DEBUG  ]  No samples found: bowtie2
[2023-11-08 03:39:30,729] multiqc                                            [DEBUG  ]  No samples found: bowtie1
[2023-11-08 03:39:30,732] multiqc                                            [DEBUG  ]  No samples found: snpsplit
[2023-11-08 03:39:30,734] multiqc                                            [DEBUG  ]  No samples found: kat
[2023-11-08 03:39:30,739] multiqc                                            [DEBUG  ]  No samples found: leehom
[2023-11-08 03:39:30,743] multiqc                                            [DEBUG  ]  No samples found: adapterRemoval
[2023-11-08 03:39:30,745] multiqc                                            [DEBUG  ]  No samples found: clipandmerge
[2023-11-08 03:39:30,747] multiqc                                            [DEBUG  ]  No samples found: cutadapt
[2023-11-08 03:39:30,749] multiqc                                            [DEBUG  ]  No samples found: flexbar
[2023-11-08 03:39:30,751] multiqc                                            [DEBUG  ]  No samples found: kaiju
[2023-11-08 03:39:30,753] multiqc                                            [DEBUG  ]  No samples found: kraken
[2023-11-08 03:39:30,755] multiqc                                            [DEBUG  ]  No samples found: malt
[2023-11-08 03:39:30,757] multiqc                                            [DEBUG  ]  No samples found: trimmomatic
[2023-11-08 03:39:30,759] multiqc                                            [DEBUG  ]  No samples found: sickle
[2023-11-08 03:39:30,761] multiqc                                            [DEBUG  ]  No samples found: skewer
[2023-11-08 03:39:30,762] multiqc                                            [DEBUG  ]  No samples found: sortmerna
[2023-11-08 03:39:30,764] multiqc                                            [DEBUG  ]  No samples found: biobloomtools
[2023-11-08 03:39:30,766] multiqc                                            [DEBUG  ]  No samples found: fastq_screen
[2023-11-08 03:39:30,768] multiqc                                            [DEBUG  ]  No samples found: afterqc
[2023-11-08 03:39:30,771] multiqc                                            [DEBUG  ]  No samples found: fastp
[2023-11-08 03:39:30,935] multiqc.modules.fastqc.fastqc                      [INFO   ]  Found 14 reports
[2023-11-08 03:39:31,033] multiqc                                            [DEBUG  ]  No samples found: pychopper
[2023-11-08 03:39:31,035] multiqc                                            [DEBUG  ]  No samples found: pycoqc
[2023-11-08 03:39:31,038] multiqc                                            [DEBUG  ]  No samples found: minionqc
[2023-11-08 03:39:31,040] multiqc                                            [DEBUG  ]  No samples found: multivcfanalyzer
[2023-11-08 03:39:31,042] multiqc                                            [DEBUG  ]  No samples found: clusterflow
[2023-11-08 03:39:31,044] multiqc                                            [DEBUG  ]  No samples found: bcl2fastq
[2023-11-08 03:39:31,046] multiqc                                            [DEBUG  ]  No samples found: interop
[2023-11-08 03:39:31,048] multiqc                                            [DEBUG  ]  No samples found: ivar
[2023-11-08 03:39:31,050] multiqc                                            [DEBUG  ]  No samples found: flash
[2023-11-08 03:39:31,052] multiqc                                            [DEBUG  ]  No samples found: seqyclean
[2023-11-08 03:39:31,054] multiqc                                            [DEBUG  ]  No samples found: optitype
[2023-11-08 03:39:31,065] multiqc                                            [INFO   ]  Compressing plot data
[2023-11-08 03:39:31,209] multiqc                                            [INFO   ]  Report      : multiqc_out/multiqc_report.html
[2023-11-08 03:39:31,209] multiqc                                            [INFO   ]  Data        : multiqc_out/multiqc_data
[2023-11-08 03:39:31,209] multiqc                                            [DEBUG  ]  Moving data file from '/tmp/tmpwfr999xy/multiqc_data' to 'multiqc_out/multiqc_data'
[2023-11-08 03:39:31,259] multiqc                                            [INFO   ]  MultiQC complete
